<?xml version="1.0" encoding="UTF-8"?>
<testng-results skipped="0" failed="0" ignored="0" total="1" passed="1">
  <reporter-output>
  </reporter-output>
  <suite name="Default suite" duration-ms="3750" started-at="2019-01-17T23:14:17Z" finished-at="2019-01-17T23:14:21Z">
    <groups>
    </groups>
    <test name="Default test" duration-ms="3750" started-at="2019-01-17T23:14:17Z" finished-at="2019-01-17T23:14:21Z">
      <class name="Test.Test_SFTP">
        <test-method status="PASS" signature="test()[pri:0, instance:Test.Test_SFTP@4e91d63f]" name="test" duration-ms="3481" started-at="2019-01-17T23:14:17Z" finished-at="2019-01-17T23:14:20Z">
          <reporter-output>
          </reporter-output>
        </test-method> <!-- test -->
      </class> <!-- Test.Test_SFTP -->
    </test> <!-- Default test -->
  </suite> <!-- Default suite -->
</testng-results>
